[2015.10.27-05.07.23:013][  0]Log file open, 10/27/15 00:07:23
[2015.10.27-05.07.23:013][  0]LogInit:Display: Running engine for game: Sistema_camara_fija
[2015.10.27-05.07.23:013][  0]LogInit:Display: RandInit(1927657288) SRandInit(1927657288).
[2015.10.27-05.07.23:013][  0]LogTaskGraph: Started task graph with 4 named threads and 5 total threads.
[2015.10.27-05.07.23:013][  0]LogStats: Stats thread started at 0.081382
[2015.10.27-05.07.23:013][  0]LogInit: Version: 4.9.1-2689999+++depot+UE4-Releases+4.9
[2015.10.27-05.07.23:013][  0]LogInit: API Version: 2672455
[2015.10.27-05.07.23:013][  0]LogInit: Compiled (64-bit): Sep 14 2015 04:12:03
[2015.10.27-05.07.23:013][  0]LogInit: Compiled with Visual C++: 18.00.21005.01
[2015.10.27-05.07.23:013][  0]LogInit: Build Configuration: Development
[2015.10.27-05.07.23:013][  0]LogInit: Branch Name: ++depot+UE4-Releases+4.9
[2015.10.27-05.07.23:013][  0]LogInit: Command line:  
[2015.10.27-05.07.23:013][  0]LogInit: Base directory: C:/Program Files/Epic Games/4.9/Engine/Binaries/Win64/
[2015.10.27-05.07.23:013][  0]LogInit: Rocket: 1
[2015.10.27-05.07.23:029][  0]LogInit: Using libcurl 7.41.0
[2015.10.27-05.07.23:029][  0]LogInit:  - built for x86_64-pc-win32
[2015.10.27-05.07.23:029][  0]LogInit:  - supports SSL with WinSSL
[2015.10.27-05.07.23:029][  0]LogInit:  - other features:
[2015.10.27-05.07.23:029][  0]LogInit:      CURL_VERSION_SSL
[2015.10.27-05.07.23:029][  0]LogInit:      CURL_VERSION_IPV6
[2015.10.27-05.07.23:029][  0]LogInit:      CURL_VERSION_ASYNCHDNS
[2015.10.27-05.07.23:029][  0]LogInit:      CURL_VERSION_LARGEFILE
[2015.10.27-05.07.23:029][  0]LogInit:      CURL_VERSION_IDN
[2015.10.27-05.07.23:029][  0]LogInit:  CurlRequestOptions (configurable via config and command line):
[2015.10.27-05.07.23:029][  0]LogInit:  - bVerifyPeer = true  - Libcurl will verify peer certificate
[2015.10.27-05.07.23:029][  0]LogInit:  - bUseHttpProxy = false  - Libcurl will NOT use HTTP proxy
[2015.10.27-05.07.23:029][  0]LogInit:  - bDontReuseConnections = false  - Libcurl will reuse connections
[2015.10.27-05.07.23:029][  0]LogInit:  - CertBundlePath = nullptr  - Libcurl will use whatever was configured at build time.
[2015.10.27-05.07.23:045][  0]LogInit: Presizing for 0 objects not considered by GC, pre-allocating 0 bytes.
[2015.10.27-05.07.23:057][  0]LogInit: Object subsystem initialized
[2015.10.27-05.07.23:070][  0]LogInit: Selected Device Profile: [Windows]
[2015.10.27-05.07.23:070][  0]LogInit: Applying CVar settings loaded from the selected device profile: [Windows]
[2015.10.27-05.07.23:087][  0]LogInit: Computer: JORGE
[2015.10.27-05.07.23:087][  0]LogInit: User: Jorge
[2015.10.27-05.07.23:087][  0]LogInit: CPU Page size=4096, Cores=2
[2015.10.27-05.07.23:087][  0]LogInit: High frequency timer resolution =2.533198 MHz
[2015.10.27-05.07.23:087][  0]LogMemory: Memory total: Physical=11.9GB (12GB approx)
[2015.10.27-05.07.23:087][  0]LogMemory: Platform Memory Stats for Windows
[2015.10.27-05.07.23:087][  0]LogMemory: Process Physical Memory: 53.77 MB used, 53.77 MB peak
[2015.10.27-05.07.23:087][  0]LogMemory: Process Virtual Memory: 55.31 MB used, 55.31 MB peak
[2015.10.27-05.07.23:087][  0]LogMemory: Physical Memory: 3651.84 MB used, 12208.14 MB total
[2015.10.27-05.07.23:087][  0]LogMemory: Virtual Memory: 365.61 MB used, 134217728.00 MB total
[2015.10.27-05.07.24:268][  0]LogD3D11RHI: Found D3D11 adapter 0: Intel(R) HD Graphics Family (Feature Level 11_0)
[2015.10.27-05.07.24:268][  0]LogD3D11RHI: Adapter has 112MB of dedicated video memory, 0MB of dedicated system memory, and 6104MB of shared system memory, 1 output[s]
[2015.10.27-05.07.24:878][  0]LogD3D11RHI: Found D3D11 adapter 1: AMD Radeon R7 M260 (Feature Level 11_0)
[2015.10.27-05.07.24:878][  0]LogD3D11RHI: Adapter has 2035MB of dedicated video memory, 0MB of dedicated system memory, and 6104MB of shared system memory, 0 output[s]
[2015.10.27-05.07.24:881][  0]LogD3D11RHI: Found D3D11 adapter 2: Microsoft Basic Render Driver (Feature Level 11_0)
[2015.10.27-05.07.24:881][  0]LogD3D11RHI: Adapter has 0MB of dedicated video memory, 0MB of dedicated system memory, and 6104MB of shared system memory, 0 output[s]
[2015.10.27-05.07.24:881][  0]LogD3D11RHI: Chosen D3D11 Adapter Id = 0
[2015.10.27-05.07.24:886][  0]LogD3D11RHI: !Direct3DDevice
[2015.10.27-05.07.24:887][  0]LogRHI: Texture pool is 1361 MB (70% of 1945 MB)
[2015.10.27-05.07.24:892][  0]LogD3D11RHI: Async texture creation enabled
[2015.10.27-05.07.24:898][  0]LogShaderCompilers: Guid format shader working directory is 15 characters bigger than the processId version (../../../../../../Users/Daniel/Desktop/Dani/Proyectos RV/Sistema-de-camara-estaticas/Intermediate/Shaders/WorkingDirectory/4732/).
[2015.10.27-05.07.24:898][  0]LogShaderCompilers: Cleaned the shader compiler working directory '../../../../../../Users/Daniel/Desktop/Dani/Proyectos RV/Sistema-de-camara-estaticas/Intermediate/Shaders/tmp/1179165A4F736A8D378157BA09DFAF51/'.
[2015.10.27-05.07.24:898][  0]LogShaderCompilers:Display: Using Local Shader Compiler.
[2015.10.27-05.07.26:562][  0]LogTemp:Display: Loaded TP AllDesktopTargetPlatform
[2015.10.27-05.07.26:573][  0]LogTemp:Display: Loaded TP WindowsClientTargetPlatform
[2015.10.27-05.07.26:582][  0]LogTemp:Display: Loaded TP WindowsNoEditorTargetPlatform
[2015.10.27-05.07.26:591][  0]LogTemp:Display: Loaded TP WindowsServerTargetPlatform
[2015.10.27-05.07.26:599][  0]LogTemp:Display: Loaded TP WindowsTargetPlatform
[2015.10.27-05.07.26:607][  0]LogTemp:Display: Loaded TP AndroidTargetPlatform
[2015.10.27-05.07.26:614][  0]LogTemp:Display: Loaded TP Android_ASTCTargetPlatform
[2015.10.27-05.07.26:621][  0]LogTemp:Display: Loaded TP Android_ATCTargetPlatform
[2015.10.27-05.07.26:628][  0]LogTemp:Display: Loaded TP Android_DXTTargetPlatform
[2015.10.27-05.07.26:635][  0]LogTemp:Display: Loaded TP Android_ETC1TargetPlatform
[2015.10.27-05.07.26:643][  0]LogTemp:Display: Loaded TP Android_ETC2TargetPlatform
[2015.10.27-05.07.26:650][  0]LogTemp:Display: Loaded TP Android_PVRTCTargetPlatform
[2015.10.27-05.07.26:652][  0]LogTemp:Display: Loaded TP HTML5TargetPlatform
[2015.10.27-05.07.26:677][  0]LogTemp:Display: Loaded TP IOSTargetPlatform
[2015.10.27-05.07.26:681][  0]LogTemp:Display: Loaded TP LinuxNoEditorTargetPlatform
[2015.10.27-05.07.26:687][  0]LogTemp:Display: Loaded TP LinuxServerTargetPlatform
[2015.10.27-05.07.26:695][  0]LogTemp:Display: Loaded TP LinuxTargetPlatform
[2015.10.27-05.07.26:695][  0]LogTargetPlatformManager:Display: Building Assets For Windows
[2015.10.27-05.07.26:845][  0]LogDerivedDataCache:Display: Max Cache Size: 512 MB
[2015.10.27-05.07.26:905][  0]LogDerivedDataCache: Loaded boot cache 0.06s 41MB C:/Users/Daniel/AppData/Local/UnrealEngine/4.9/DerivedDataCache/Boot.ddc.
[2015.10.27-05.07.26:905][  0]LogDerivedDataCache:Display: Loaded Boot cache: C:/Users/Daniel/AppData/Local/UnrealEngine/4.9/DerivedDataCache/Boot.ddc
[2015.10.27-05.07.26:905][  0]LogDerivedDataCache: FDerivedDataBackendGraph:  Pak pak cache file ../../../../../../Users/Daniel/Desktop/Dani/Proyectos RV/Sistema-de-camara-estaticas/DerivedDataCache/DDC.ddp not found, will not use a pak cache.
[2015.10.27-05.07.26:905][  0]LogDerivedDataCache: Unable to find inner node Pak for hierarchical cache Hierarchy.
[2015.10.27-05.07.26:905][  0]LogDerivedDataCache: FDerivedDataBackendGraph:  CompressedPak pak cache file ../../../../../../Users/Daniel/Desktop/Dani/Proyectos RV/Sistema-de-camara-estaticas/DerivedDataCache/Compressed.ddp not found, will not use a pak cache.
[2015.10.27-05.07.26:905][  0]LogDerivedDataCache: Unable to find inner node CompressedPak for hierarchical cache Hierarchy.
[2015.10.27-05.07.27:106][  0]LogDerivedDataCache:Display: Pak cache opened for reading ../../../Engine/DerivedDataCache/Compressed.ddp.
[2015.10.27-05.07.27:118][  0]LogDerivedDataCache: Using Local data cache path C:/Users/Daniel/AppData/Local/UnrealEngine/Common/DerivedDataCache: Writable
[2015.10.27-05.07.27:447][  0]LogInit: Selected Device Profile: [Windows]
[2015.10.27-05.07.27:452][  0]LogContentStreaming: Texture pool size is 0.000000MB
[2015.10.27-05.07.27:707][  0]LogMeshUtilities: No automatic mesh reduction module available
[2015.10.27-05.07.27:707][  0]LogMeshUtilities: No automatic mesh merging module available
[2015.10.27-05.07.28:082][  0]LogInit: WinSock: version 1.1 (2.2), MaxSocks=32767, MaxUdp=65467
[2015.10.27-05.07.29:955][  0]UdpMessaging: Initializing bridge on interface 0.0.0.0:0 to multicast group 230.0.0.1:6666.
[2015.10.27-05.07.29:956][  0]FUdpSocketBuilder: Failed to create the socket UdpMessageMulticastSocket as configured
[2015.10.27-05.07.29:956][  0]UdpMessageTransport.StartTransport: Failed to create multicast socket on 0.0.0.0:0, joined to 230.0.0.1:6666 with TTL 1
[2015.10.27-05.07.30:077][  0]LogAssetRegistry: FAssetRegistry took 0.0108 seconds to start up
[2015.10.27-05.07.30:432][  0]SourceControl: Info Source control is disabled
[2015.10.27-05.07.30:471][  0]SourceControl: Info Source control is disabled
[2015.10.27-05.07.30:492][  0]SourceControl: Info Source control is disabled
[2015.10.27-05.07.30:514][  0]SourceControl: Info Source control is disabled
[2015.10.27-05.07.30:863][  0]LogLinker:Warning: Asset '../../../Engine/Plugins/Runtime/LeapMotionController/Content/LM_PassthroughMaterial.uasset' has been saved with empty engine version. The asset will be loaded but may be incompatible.
[2015.10.27-05.07.31:033][  0]LogObj: 28361 objects as part of root set at end of initial load.
[2015.10.27-05.07.31:033][  0]LogUObjectAllocator: 6038864 out of 0 bytes used by permanent object pool.
[2015.10.27-05.07.31:108][  0]LogEngine: Initializing Engine...
[2015.10.27-05.07.31:111][  0]LogHMD: Can't find Oculus library dev build: is proper Runtime installed? Version: 0.7.0.0
[2015.10.27-05.07.31:113][  0]LogHMD: SteamVR failed to initialize.  Err: 110
[2015.10.27-05.07.31:274][  0]LogAIModule: Creating AISystem for world NewWorld
[2015.10.27-05.07.31:327][  0]LogInit: XAudio2 using 'Speakers (Conexant SmartAudio HD)' : 2 channels at 48 kHz using 32 bits per sample (channel mask 0x3)
[2015.10.27-05.07.31:395][  0]LogInit: FAudioDevice initialized.
[2015.10.27-05.07.31:424][  0]LogDerivedDataCache: Saved boot cache 0.03s 41MB C:/Users/Daniel/AppData/Local/UnrealEngine/4.9/DerivedDataCache/Boot.ddc.
[2015.10.27-05.07.31:427][  0]LogInit: Texture streaming: Enabled
[2015.10.27-05.07.31:445][  0]LogAnalytics: Creating configured Analytics provider AnalyticsET
[2015.10.27-05.07.31:445][  0]LogAnalytics: [UEEditor.Rocket.Release] APIServer = http://et2.epicgames.com/ET2/. AppVersion = 4.9.1-2689999+++depot+UE4-Releases+4.9
[2015.10.27-05.07.31:445][  0]LogAnalytics: [UEEditor.Rocket.Release] SetUserId 02a92638413d6e9abea5c7aca5f6540a|3349b03e2e674c09ae8b169d1df5bddf|a6273b8f-85b9-4f16-b013-14ad0d925f1f
[2015.10.27-05.07.31:445][  0]LogAnalytics: [UEEditor.Rocket.Release] AnalyticsET::StartSession
[2015.10.27-05.07.31:509][  0]LogInit: Transaction tracking system initialized
[2015.10.27-05.07.31:593][  0]BlueprintLog: New page: Editor Load
[2015.10.27-05.07.32:152][  0]LocalizationService: Info Localization service is disabled
[2015.10.27-05.07.32:630][  0]LogConsoleResponse:Display: 
[2015.10.27-05.07.32:835][  0]LogCook:Display: Done creating registry. It took  0.00s.
[2015.10.27-05.07.32:988][  0]LogFileCache: Scanning file cache for directory 'C:/Users/Daniel/Desktop/Dani/Proyectos RV/Sistema-de-camara-estaticas/Content/' took 0.03s
[2015.10.27-05.07.32:988][  0]SourceControl: Info Source control is disabled
[2015.10.27-05.07.32:988][  0]Cmd: MAP LOAD FILE="../../../../../../Users/Daniel/Desktop/Dani/Proyectos RV/Sistema-de-camara-estaticas/Content/ThirdPersonBP/Maps/ThirdPersonExampleMap.umap" TEMPLATE=0 SHOWPROGRESS=1 FEATURELEVEL=3
[2015.10.27-05.07.32:988][  0]LogEditorServer:Warning: Can't find file '../../../../../../Users/Daniel/Desktop/Dani/Proyectos RV/Sistema-de-camara-estaticas/Content/ThirdPersonBP/Maps/ThirdPersonExampleMap.umap'
[2015.10.27-05.07.32:989][  0]Cmd: MAP CHECKDEP NOCLEARLOG
[2015.10.27-05.07.33:128][  0]MapCheck: Info Map check complete: 0 Error(s), 0 Warning(s), took 139.625ms to complete.
[2015.10.27-05.07.33:128][  0]LogFileHelpers: Loading map 'ThirdPersonExampleMap' took 0.140
[2015.10.27-05.07.33:255][  0]LogCollectionManager: Loaded 0 collections in 0.004150 seconds
[2015.10.27-05.07.33:302][  0]LogFileCache: Scanning file cache for directory 'C:/Users/Daniel/Desktop/Dani/Proyectos RV/Sistema-de-camara-estaticas/Saved/Collections/' took 0.01s
[2015.10.27-05.07.33:302][  0]LogFileCache: Scanning file cache for directory 'C:/Users/Daniel/Desktop/Dani/Proyectos RV/Sistema-de-camara-estaticas/Content/Developers/Jorge/Collections/' took 0.01s
[2015.10.27-05.07.33:302][  0]LogFileCache: Scanning file cache for directory 'C:/Users/Daniel/Desktop/Dani/Proyectos RV/Sistema-de-camara-estaticas/Content/Collections/' took 0.01s
[2015.10.27-05.07.33:302][  0]LogContentBrowser: Native class hierarchy populated in 0.0125 seconds. Added 1867 classes and 333 folders.
[2015.10.27-05.07.33:309][  0]LogCollectionManager: Rebuilt the GUID cache for 0 collections in 0.000004 seconds
[2015.10.27-05.07.33:321][  0]LogContentBrowser: Native class hierarchy updated for 'WidgetCarousel' in 0.0005 seconds. Added 0 classes and 0 folders.
[2015.10.27-05.07.33:468][  0]LogContentBrowser: Native class hierarchy updated for 'AddContentDialog' in 0.0006 seconds. Added 0 classes and 0 folders.
[2015.10.27-05.07.33:476][  0]LogContentBrowser: Native class hierarchy updated for 'SceneOutliner' in 0.0006 seconds. Added 1 classes and 2 folders.
[2015.10.27-05.07.33:511][  0]LogCrashTracker: Crashtracker disabled due to settings.
[2015.10.27-05.07.33:516][  0]LogUObjectGlobals:Warning: Failed to find object 'Class None.'
[2015.10.27-05.07.33:539][  0]LogLoad: Full Startup: 11.37 seconds (BP compile: 0.00 seconds)
[2015.10.27-05.07.33:598][  0]LogContentStreaming: Texture pool size now 200 MB
[2015.10.27-05.07.33:774][  0]LogRenderer: Reallocating scene render targets to support 724x380 (Frame:2).
[2015.10.27-05.07.39:825][570]LogCollectionManager: Rebuilt the object cache for 0 collections in 0.000001 seconds (found 0 objects)
[2015.10.27-05.07.42:499][836]LogAssetRegistry: Asset discovery search completed in 12.4321 seconds
[2015.10.27-05.07.42:499][836]LogCollectionManager: Fixed up redirectors for 0 collections in 0.000030 seconds (updated 0 objects)
[2015.10.27-05.07.46:619][214]LogAIModule: Creating AISystem for world Laberinto
[2015.10.27-05.07.46:669][214]Cmd: MAP LOAD FILE="../../../../../../Users/Daniel/Desktop/Dani/Proyectos RV/Sistema-de-camara-estaticas/Content/Sistema_camaras/Laberinto.umap" TEMPLATE=0 SHOWPROGRESS=1 FEATURELEVEL=3
[2015.10.27-05.07.46:669][214]LightingResults: New page: Lighting Build
[2015.10.27-05.07.46:673][214]LogContentBrowser: Native class hierarchy updated for 'StatsViewer' in 0.0004 seconds. Added 5 classes and 0 folders.
[2015.10.27-05.07.46:692][214]LoadErrors: New page: Loading map: Laberinto.umap
[2015.10.27-05.07.46:692][214]MapCheck: New page: Map Check
[2015.10.27-05.07.46:692][214]LightingResults: New page: Lighting Build
[2015.10.27-05.07.46:711][214]LogParticles: Destroying 0 GPU particle simulations for FXSystem 0x000000A4185BE160
[2015.10.27-05.07.46:725][214]LogEditorServer: Finished looking for orphan Actors (0.000 secs)
[2015.10.27-05.07.46:740][214]Cmd: MAP CHECKDEP NOCLEARLOG
[2015.10.27-05.07.46:870][214]MapCheck: Info Map check complete: 0 Error(s), 0 Warning(s), took 128.913ms to complete.
[2015.10.27-05.07.46:872][214]LogFileHelpers: Loading map 'Laberinto' took 0.203
[2015.10.27-05.07.49:182][390]LogPlayLevel: PlayLevel: No blueprints needed recompiling
[2015.10.27-05.07.49:183][390]PIE: New page: PIE session: Laberinto (Oct 26, 2015, 7:07:49 PM)
[2015.10.27-05.07.49:183][390]LogPlayLevel: Creating play world package: /Game/Sistema_camaras/UEDPIE_0_Laberinto
[2015.10.27-05.07.49:190][390]LogPlayLevel: PIE: StaticDuplicateObject took: (0.006874s)
[2015.10.27-05.07.49:191][390]LogAIModule: Creating AISystem for world Laberinto
[2015.10.27-05.07.49:191][390]LogPlayLevel: PIE: World Init took: (0.000864s)
[2015.10.27-05.07.49:191][390]LogPlayLevel: PIE: Created PIE world by copying editor world from /Game/Sistema_camaras/Laberinto.Laberinto to /Game/Sistema_camaras/UEDPIE_0_Laberinto.Laberinto (0.008098s)
[2015.10.27-05.07.49:293][390]LogInit: XAudio2 using 'Speakers (Conexant SmartAudio HD)' : 2 channels at 48 kHz using 32 bits per sample (channel mask 0x3)
[2015.10.27-05.07.49:355][390]LogInit: FAudioDevice initialized.
[2015.10.27-05.07.49:405][390]LogLinker:Warning: Asset '../../../../../../Users/Daniel/Desktop/Dani/Proyectos RV/Sistema-de-camara-estaticas/Content/Mannequin/Animations/ThirdPerson_AnimBP.uasset' has been saved with empty engine version. The asset will be loaded but may be incompatible.
[2015.10.27-05.07.49:408][390]LogLinker:Warning: Asset '../../../../../../Users/Daniel/Desktop/Dani/Proyectos RV/Sistema-de-camara-estaticas/Content/Mannequin/Animations/ThirdPerson_Jump.uasset' has been saved with empty engine version. The asset will be loaded but may be incompatible.
[2015.10.27-05.07.49:410][390]LogLinker:Warning: Asset '../../../../../../Users/Daniel/Desktop/Dani/Proyectos RV/Sistema-de-camara-estaticas/Content/Mannequin/Animations/ThirdPersonJump_Loop.uasset' has been saved with empty engine version. The asset will be loaded but may be incompatible.
[2015.10.27-05.07.49:412][390]LogLinker:Warning: Asset '../../../../../../Users/Daniel/Desktop/Dani/Proyectos RV/Sistema-de-camara-estaticas/Content/Mannequin/Animations/ThirdPersonJump_Start.uasset' has been saved with empty engine version. The asset will be loaded but may be incompatible.
[2015.10.27-05.07.49:413][390]LogLinker:Warning: Asset '../../../../../../Users/Daniel/Desktop/Dani/Proyectos RV/Sistema-de-camara-estaticas/Content/Mannequin/Animations/ThirdPerson_IdleRun_2D.uasset' has been saved with empty engine version. The asset will be loaded but may be incompatible.
[2015.10.27-05.07.49:414][390]LogLinker:Warning: Asset '../../../../../../Users/Daniel/Desktop/Dani/Proyectos RV/Sistema-de-camara-estaticas/Content/Mannequin/Animations/ThirdPersonIdle.uasset' has been saved with empty engine version. The asset will be loaded but may be incompatible.
[2015.10.27-05.07.49:415][390]LogLinker:Warning: Asset '../../../../../../Users/Daniel/Desktop/Dani/Proyectos RV/Sistema-de-camara-estaticas/Content/Mannequin/Animations/ThirdPersonRun.uasset' has been saved with empty engine version. The asset will be loaded but may be incompatible.
[2015.10.27-05.07.49:416][390]LogLinker:Warning: Asset '../../../../../../Users/Daniel/Desktop/Dani/Proyectos RV/Sistema-de-camara-estaticas/Content/Mannequin/Animations/ThirdPersonWalk.uasset' has been saved with empty engine version. The asset will be loaded but may be incompatible.
[2015.10.27-05.07.49:817][390]LogWorld: Game class is 'ThirdPersonGameMode_C'
[2015.10.27-05.07.49:826][390]LogWorld: Bringing World /Game/Sistema_camaras/UEDPIE_0_Laberinto.Laberinto up for play (max tick rate 0) at 2015.10.27-00.07.49
[2015.10.27-05.07.49:826][390]LogActor:Warning: GameSession /Game/Sistema_camaras/UEDPIE_0_Laberinto.Laberinto:PersistentLevel.GameSession_0 has natively added scene component(s), but none of them were set as the actor's RootComponent - picking one arbitrarily
[2015.10.27-05.07.49:826][390]LogActor:Warning: GameNetworkManager /Game/Sistema_camaras/UEDPIE_0_Laberinto.Laberinto:PersistentLevel.GameNetworkManager_0 has natively added scene component(s), but none of them were set as the actor's RootComponent - picking one arbitrarily
[2015.10.27-05.07.49:827][390]LogWorld: Bringing up level for play took: 0.008054
[2015.10.27-05.07.49:830][390]PIE: Info Play in editor start time for /Game/Sistema_camaras/UEDPIE_0_Laberinto 0.262
[2015.10.27-05.07.58:168][211]LogParticles: Destroying 0 GPU particle simulations for FXSystem 0x000000A42BE287C0
[2015.10.27-05.07.59:175][268]LogWindowsTextInputMethodSystem:Display: IME system now deactivated.
[2015.10.27-05.07.59:556][269]Cmd: QUIT_EDITOR
[2015.10.27-05.08.00:200][269]LogExit: Preparing to exit.
[2015.10.27-05.08.01:055][269]LogExit: Editor shut down
[2015.10.27-05.08.01:055][269]LogExit: Transaction tracking system shut down
[2015.10.27-05.08.01:056][269]LogParticles: Destroying 0 GPU particle simulations for FXSystem 0x000000A4080EA7A0
[2015.10.27-05.08.01:057][269]LogParticles: Destroying 0 GPU particle simulations for FXSystem 0x000000A42F949E40
[2015.10.27-05.08.01:057][269]LogParticles: Destroying 0 GPU particle simulations for FXSystem 0x000000A4082AD260
[2015.10.27-05.08.01:207][269]LogExit: Object subsystem successfully closed.
[2015.10.27-05.08.01:223][269]LogD3D11RHI: Shutdown
[2015.10.27-05.08.01:223][269]LogD3D11RHI: CleanupD3DDevice
[2015.10.27-05.08.01:301][269]LogD3D11RHI: ~FD3D11DynamicRHI
[2015.10.27-05.08.01:330][269]LogModuleManager: Shutting down and abandoning module StatsViewer (197)
[2015.10.27-05.08.01:330][269]LogModuleManager: Shutting down and abandoning module CrashTracker (196)
[2015.10.27-05.08.01:330][269]LogModuleManager: Shutting down and abandoning module SceneOutliner (195)
[2015.10.27-05.08.01:330][269]LogModuleManager: Shutting down and abandoning module SuperSearch (194)
[2015.10.27-05.08.01:330][269]LogModuleManager: Shutting down and abandoning module WidgetCarousel (193)
[2015.10.27-05.08.01:330][269]LogModuleManager: Shutting down and abandoning module AddContentDialog (192)
[2015.10.27-05.08.01:331][269]LogModuleManager: Shutting down and abandoning module EditorWidgets (191)
[2015.10.27-05.08.01:331][269]LogModuleManager: Shutting down and abandoning module CollectionManager (190)
[2015.10.27-05.08.01:331][269]LogModuleManager: Shutting down and abandoning module FoliageEdit (189)
[2015.10.27-05.08.01:331][269]LogModuleManager: Shutting down and abandoning module LandscapeEditor (188)
[2015.10.27-05.08.01:331][269]LogModuleManager: Shutting down and abandoning module ActorPickerMode (187)
[2015.10.27-05.08.01:331][269]LogModuleManager: Shutting down and abandoning module GeometryMode (186)
[2015.10.27-05.08.01:331][269]LogModuleManager: Shutting down and abandoning module TextureAlignMode (185)
[2015.10.27-05.08.01:331][269]LogModuleManager: Shutting down and abandoning module BspMode (184)
[2015.10.27-05.08.01:331][269]LogModuleManager: Shutting down and abandoning module PlacementMode (183)
[2015.10.27-05.08.01:331][269]LogModuleManager: Shutting down and abandoning module AutomationWorker (182)
[2015.10.27-05.08.01:331][269]LogModuleManager: Shutting down and abandoning module CharacterAI (181)
[2015.10.27-05.08.01:331][269]LogModuleManager: Shutting down and abandoning module SmartSnapping (180)
[2015.10.27-05.08.01:331][269]LogModuleManager: Shutting down and abandoning module ViewportSnapping (179)
[2015.10.27-05.08.01:331][269]LogModuleManager: Shutting down and abandoning module LogVisualizer (178)
[2015.10.27-05.08.01:332][269]LogModuleManager: Shutting down and abandoning module GameProjectGeneration (177)
[2015.10.27-05.08.01:332][269]LogModuleManager: Shutting down and abandoning module IntroTutorials (176)
[2015.10.27-05.08.01:332][269]LogModuleManager: Shutting down and abandoning module EditorLiveStreaming (175)
[2015.10.27-05.08.01:332][269]LogModuleManager: Shutting down and abandoning module IOSPlatformEditor (174)
[2015.10.27-05.08.01:332][269]LogModuleManager: Shutting down and abandoning module HTML5PlatformEditor (173)
[2015.10.27-05.08.01:332][269]LogModuleManager: Shutting down and abandoning module AndroidDeviceDetection (172)
[2015.10.27-05.08.02:232][269]LogModuleManager: Shutting down and abandoning module AndroidPlatformEditor (171)
[2015.10.27-05.08.02:232][269]LogModuleManager: Shutting down and abandoning module IOSRuntimeSettings (170)
[2015.10.27-05.08.02:232][269]LogModuleManager: Shutting down and abandoning module AndroidRuntimeSettings (169)
[2015.10.27-05.08.02:232][269]LogModuleManager: Shutting down and abandoning module MergeActors (168)
[2015.10.27-05.08.02:232][269]LogModuleManager: Shutting down and abandoning module SizeMap (167)
[2015.10.27-05.08.02:232][269]LogModuleManager: Shutting down and abandoning module TreeMap (166)
[2015.10.27-05.08.02:232][269]LogModuleManager: Shutting down and abandoning module ReferenceViewer (165)
[2015.10.27-05.08.02:232][269]LogModuleManager: Shutting down and abandoning module LocalizationService (164)
[2015.10.27-05.08.02:232][269]LogModuleManager: Shutting down and abandoning module LocalizationDashboard (163)
[2015.10.27-05.08.02:232][269]LogModuleManager: Shutting down and abandoning module HardwareTargeting (162)
[2015.10.27-05.08.02:232][269]LogModuleManager: Shutting down and abandoning module DeviceProfileEditor (161)
[2015.10.27-05.08.02:232][269]LogModuleManager: Shutting down and abandoning module UndoHistory (160)
[2015.10.27-05.08.02:232][269]LogModuleManager: Shutting down and abandoning module GameplayTagsEditor (159)
[2015.10.27-05.08.02:232][269]LogModuleManager: Shutting down and abandoning module UserFeedback (158)
[2015.10.27-05.08.02:232][269]LogModuleManager: Shutting down and abandoning module XmlParser (157)
[2015.10.27-05.08.02:232][269]LogModuleManager: Shutting down and abandoning module Blutility (156)
[2015.10.27-05.08.02:232][269]LogModuleManager: Shutting down and abandoning module ProjectTargetPlatformEditor (155)
[2015.10.27-05.08.02:232][269]LogModuleManager: Shutting down and abandoning module ProjectSettingsViewer (154)
[2015.10.27-05.08.02:232][269]LogModuleManager: Shutting down and abandoning module InputBindingEditor (153)
[2015.10.27-05.08.02:232][269]LogModuleManager: Shutting down and abandoning module EditorSettingsViewer (152)
[2015.10.27-05.08.02:232][269]LogModuleManager: Shutting down and abandoning module SettingsEditor (151)
[2015.10.27-05.08.02:232][269]LogModuleManager: Shutting down and abandoning module ProjectLauncher (150)
[2015.10.27-05.08.02:232][269]LogModuleManager: Shutting down and abandoning module SessionFrontend (149)
[2015.10.27-05.08.02:232][269]LogModuleManager: Shutting down and abandoning module ProfilerClient (148)
[2015.10.27-05.08.02:232][269]LogModuleManager: Shutting down and abandoning module TargetDeviceServices (147)
[2015.10.27-05.08.02:232][269]LogModuleManager: Shutting down and abandoning module DeviceManager (146)
[2015.10.27-05.08.02:232][269]LogModuleManager: Shutting down and abandoning module AutomationController (145)
[2015.10.27-05.08.02:232][269]LogModuleManager: Shutting down and abandoning module AutomationWindow (144)
[2015.10.27-05.08.02:232][269]LogModuleManager: Shutting down and abandoning module Layers (143)
[2015.10.27-05.08.02:232][269]LogModuleManager: Shutting down and abandoning module ComponentVisualizers (142)
[2015.10.27-05.08.02:232][269]LogModuleManager: Shutting down and abandoning module DetailCustomizations (141)
[2015.10.27-05.08.02:233][269]LogModuleManager: Shutting down and abandoning module PackagesDialog (140)
[2015.10.27-05.08.02:233][269]LogModuleManager: Shutting down and abandoning module Persona (139)
[2015.10.27-05.08.02:233][269]LogModuleManager: Shutting down and abandoning module Kismet (138)
[2015.10.27-05.08.02:233][269]LogModuleManager: Shutting down and abandoning module GraphEditor (137)
[2015.10.27-05.08.02:233][269]LogModuleManager: Shutting down and abandoning module ClassViewer (136)
[2015.10.27-05.08.02:233][269]LogModuleManager: Shutting down and abandoning module Toolbox (135)
[2015.10.27-05.08.02:233][269]LogModuleManager: Shutting down and abandoning module ModuleUI (134)
[2015.10.27-05.08.02:233][269]LogModuleManager: Shutting down and abandoning module MovieSceneTools (133)
[2015.10.27-05.08.02:233][269]LogModuleManager: Shutting down and abandoning module OutputLog (132)
[2015.10.27-05.08.02:233][269]LogModuleManager: Shutting down and abandoning module GammaUI (131)
[2015.10.27-05.08.02:233][269]LogModuleManager: Shutting down and abandoning module Documentation (130)
[2015.10.27-05.08.02:233][269]LogModuleManager: Shutting down and abandoning module GameLiveStreaming (129)
[2015.10.27-05.08.02:233][269]LogModuleManager: Shutting down and abandoning module StreamingPauseRendering (128)
[2015.10.27-05.08.02:233][269]LogModuleManager: Shutting down and abandoning module AnalyticsET (127)
[2015.10.27-05.08.02:233][269]LogModuleManager: Shutting down and abandoning module Analytics (126)
[2015.10.27-05.08.02:233][269]LogModuleManager: Shutting down and abandoning module AITestSuite (125)
[2015.10.27-05.08.02:233][269]LogModuleManager: Shutting down and abandoning module GameplayDebugger (124)
[2015.10.27-05.08.02:233][269]LogModuleManager: Shutting down and abandoning module AIModule (123)
[2015.10.27-05.08.02:233][269]LogModuleManager: Shutting down and abandoning module ProfilerService (122)
[2015.10.27-05.08.02:323][269]LogModuleManager: Shutting down and abandoning module TaskGraph (121)
[2015.10.27-05.08.02:323][269]LogModuleManager: Shutting down and abandoning module SlateRemote (120)
[2015.10.27-05.08.02:323][269]LogModuleManager: Shutting down and abandoning module SteamVRController (119)
[2015.10.27-05.08.02:323][269]LogModuleManager: Shutting down and abandoning module SteamVR (118)
[2015.10.27-05.08.02:323][269]LogModuleManager: Shutting down and abandoning module ProceduralMeshComponent (117)
[2015.10.27-05.08.02:323][269]LogModuleManager: Shutting down and abandoning module OculusRift (116)
[2015.10.27-05.08.02:323][269]LogModuleManager: Shutting down and abandoning module OculusLibrary (115)
[2015.10.27-05.08.02:323][269]LogModuleManager: Shutting down and abandoning module LeapMotionController (114)
[2015.10.27-05.08.02:340][269]LogModuleManager: Shutting down and abandoning module CustomMeshComponent (113)
[2015.10.27-05.08.02:340][269]LogModuleManager: Shutting down and abandoning module CableComponent (112)
[2015.10.27-05.08.02:340][269]LogModuleManager: Shutting down and abandoning module ArchVisCharacter (111)
[2015.10.27-05.08.02:340][269]LogModuleManager: Shutting down and abandoning module MessagingDebugger (110)
[2015.10.27-05.08.02:340][269]LogModuleManager: Shutting down and abandoning module MediaPlayerEditor (109)
[2015.10.27-05.08.02:340][269]LogModuleManager: Shutting down and abandoning module HTML5Networking (108)
[2015.10.27-05.08.02:340][269]LogModuleManager: Shutting down and abandoning module SpeedTreeImporter (107)
[2015.10.27-05.08.02:340][269]LogModuleManager: Shutting down and abandoning module PluginBrowser (106)
[2015.10.27-05.08.02:340][269]LogModuleManager: Shutting down and abandoning module EpicSurvey (105)
[2015.10.27-05.08.02:340][269]LogModuleManager: Shutting down and abandoning module DesktopPlatform (104)
[2015.10.27-05.08.02:340][269]LogModuleManager: Shutting down and abandoning module VisualStudioSourceCodeAccess (103)
[2015.10.27-05.08.02:340][269]LogModuleManager: Shutting down and abandoning module UObjectPlugin (102)
[2015.10.27-05.08.02:340][269]LogModuleManager: Shutting down and abandoning module SubversionSourceControl (101)
[2015.10.27-05.08.02:340][269]LogModuleManager: Shutting down and abandoning module PerforceSourceControl (100)
[2015.10.27-05.08.02:340][269]LogModuleManager: Shutting down and abandoning module SourceControl (99)
[2015.10.27-05.08.02:340][269]LogModuleManager: Shutting down and abandoning module GitSourceControl (98)
[2015.10.27-05.08.02:340][269]LogModuleManager: Shutting down and abandoning module LightPropagationVolumeEditor (97)
[2015.10.27-05.08.02:340][269]LogModuleManager: Shutting down and abandoning module PaperTiledImporter (96)
[2015.10.27-05.08.02:340][269]LogModuleManager: Shutting down and abandoning module PaperSpriteSheetImporter (95)
[2015.10.27-05.08.02:340][269]LogModuleManager: Shutting down and abandoning module MeshPaint (94)
[2015.10.27-05.08.02:340][269]LogModuleManager: Shutting down and abandoning module SlateReflector (93)
[2015.10.27-05.08.02:340][269]LogModuleManager: Shutting down and abandoning module HotReload (92)
[2015.10.27-05.08.02:340][269]LogModuleManager: Shutting down and abandoning module MainFrame (91)
[2015.10.27-05.08.02:340][269]LogModuleManager: Shutting down and abandoning module LevelEditor (90)
[2015.10.27-05.08.02:342][269]LogModuleManager: Shutting down and abandoning module DirectoryWatcher (89)
[2015.10.27-05.08.02:342][269]LogModuleManager: Shutting down and abandoning module AssetRegistry (88)
[2015.10.27-05.08.02:391][269]LogModuleManager: Shutting down and abandoning module ContentBrowser (87)
[2015.10.27-05.08.02:392][269]LogModuleManager: Shutting down and abandoning module Paper2DEditor (86)
[2015.10.27-05.08.02:392][269]LogModuleManager: Shutting down and abandoning module UdpMessaging (85)
[2015.10.27-05.08.02:493][269]LogModuleManager: Shutting down and abandoning module LightPropagationVolumeRuntime (84)
[2015.10.27-05.08.02:493][269]LogModuleManager: Shutting down and abandoning module Paper2D (83)
[2015.10.27-05.08.02:493][269]LogModuleManager: Shutting down and abandoning module WindowsMoviePlayer (82)
[2015.10.27-05.08.02:496][269]LogModuleManager: Shutting down and abandoning module Media (81)
[2015.10.27-05.08.02:496][269]LogModuleManager: Shutting down and abandoning module WmfMedia (80)
[2015.10.27-05.08.02:496][269]LogModuleManager: Shutting down and abandoning module OnlineBlueprintSupport (79)
[2015.10.27-05.08.02:496][269]LogModuleManager: Shutting down and abandoning module GameplayTasksEditor (78)
[2015.10.27-05.08.02:496][269]LogModuleManager: Shutting down and abandoning module PropertyEditor (77)
[2015.10.27-05.08.02:496][269]LogModuleManager: Shutting down and abandoning module BehaviorTreeEditor (76)
[2015.10.27-05.08.02:496][269]LogModuleManager: Shutting down and abandoning module FunctionalTesting (75)
[2015.10.27-05.08.02:496][269]LogModuleManager: Shutting down and abandoning module CollisionAnalyzer (74)
[2015.10.27-05.08.02:496][269]LogModuleManager: Shutting down and abandoning module WorkspaceMenuStructure (73)
[2015.10.27-05.08.02:496][269]LogModuleManager: Shutting down and abandoning module MessageLog (72)
[2015.10.27-05.08.02:496][269]LogModuleManager: Shutting down and abandoning module Sequencer (71)
[2015.10.27-05.08.02:496][269]LogModuleManager: Shutting down and abandoning module AssetTools (70)
[2015.10.27-05.08.02:496][269]LogModuleManager: Shutting down and abandoning module UMGEditor (69)
[2015.10.27-05.08.02:496][269]LogModuleManager: Shutting down and abandoning module UMG (68)
[2015.10.27-05.08.02:496][269]LogModuleManager: Shutting down and abandoning module Slate (67)
[2015.10.27-05.08.02:496][269]LogModuleManager: Shutting down and abandoning module EditorStyle (66)
[2015.10.27-05.08.02:499][269]LogModuleManager: Shutting down and abandoning module SessionServices (65)
[2015.10.27-05.08.02:499][269]LogModuleManager: Shutting down and abandoning module SourceCodeAccess (64)
[2015.10.27-05.08.02:499][269]LogModuleManager: Shutting down and abandoning module HeadMountedDisplay (63)
[2015.10.27-05.08.02:499][269]LogModuleManager: Shutting down and abandoning module XAudio2 (62)
[2015.10.27-05.08.02:499][269]LogModuleManager: Shutting down and abandoning module Networking (60)
[2015.10.27-05.08.02:499][269]LogModuleManager: Shutting down and abandoning module Core (59)
[2015.10.27-05.08.02:499][269]LogModuleManager: Shutting down and abandoning module KismetCompiler (58)
[2015.10.27-05.08.02:499][269]LogModuleManager: Shutting down and abandoning module PhysXFormats (57)
[2015.10.27-05.08.02:499][269]LogModuleManager: Shutting down and abandoning module MeshUtilities (56)
[2015.10.27-05.08.02:499][269]LogModuleManager: Shutting down and abandoning module CookingStats (55)
[2015.10.27-05.08.02:499][269]LogModuleManager: Shutting down and abandoning module DerivedDataCache (54)
[2015.10.27-05.08.02:635][269]LogDerivedDataCache: Shutdown
[2015.10.27-05.08.02:635][269]LogModuleManager: Shutting down and abandoning module ShaderFormatOpenGL (53)
[2015.10.27-05.08.02:635][269]LogModuleManager: Shutting down and abandoning module ShaderFormatD3D (52)
[2015.10.27-05.08.02:635][269]LogModuleManager: Shutting down and abandoning module MetalShaderFormat (51)
[2015.10.27-05.08.02:635][269]LogModuleManager: Shutting down and abandoning module TextureFormatUncompressed (50)
[2015.10.27-05.08.02:635][269]LogModuleManager: Shutting down and abandoning module TextureFormatPVR (49)
[2015.10.27-05.08.02:635][269]LogModuleManager: Shutting down and abandoning module TextureFormatIntelISPCTexComp (48)
[2015.10.27-05.08.02:635][269]LogModuleManager: Shutting down and abandoning module TextureFormatDXT (47)
[2015.10.27-05.08.02:635][269]LogModuleManager: Shutting down and abandoning module ImageWrapper (46)
[2015.10.27-05.08.02:635][269]LogModuleManager: Shutting down and abandoning module TextureFormatASTC (45)
[2015.10.27-05.08.02:635][269]LogModuleManager: Shutting down and abandoning module TextureFormatAndroid (44)
[2015.10.27-05.08.02:635][269]LogModuleManager: Shutting down and abandoning module AudioFormatOpus (43)
[2015.10.27-05.08.02:635][269]LogModuleManager: Shutting down and abandoning module AudioFormatOgg (42)
[2015.10.27-05.08.02:635][269]LogModuleManager: Shutting down and abandoning module AudioFormatADPCM (41)
[2015.10.27-05.08.02:635][269]LogModuleManager: Shutting down and abandoning module LinuxTargetPlatform (40)
[2015.10.27-05.08.02:635][269]LogModuleManager: Shutting down and abandoning module LinuxServerTargetPlatform (39)
[2015.10.27-05.08.02:635][269]LogModuleManager: Shutting down and abandoning module LinuxNoEditorTargetPlatform (38)
[2015.10.27-05.08.02:635][269]LogModuleManager: Shutting down and abandoning module Messaging (37)
[2015.10.27-05.08.02:635][269]LogModuleManager: Shutting down and abandoning module IOSTargetPlatform (36)
[2015.10.27-05.08.02:635][269]LogModuleManager: Shutting down and abandoning module HTML5TargetPlatform (35)
[2015.10.27-05.08.02:635][269]LogModuleManager: Shutting down and abandoning module Android_PVRTCTargetPlatform (34)
[2015.10.27-05.08.02:635][269]LogModuleManager: Shutting down and abandoning module Android_ETC2TargetPlatform (33)
[2015.10.27-05.08.02:635][269]LogModuleManager: Shutting down and abandoning module Android_ETC1TargetPlatform (32)
[2015.10.27-05.08.02:635][269]LogModuleManager: Shutting down and abandoning module Android_DXTTargetPlatform (31)
[2015.10.27-05.08.02:635][269]LogModuleManager: Shutting down and abandoning module Android_ATCTargetPlatform (30)
[2015.10.27-05.08.02:635][269]LogModuleManager: Shutting down and abandoning module Android_ASTCTargetPlatform (29)
[2015.10.27-05.08.02:635][269]LogModuleManager: Shutting down and abandoning module AndroidTargetPlatform (28)
[2015.10.27-05.08.02:635][269]LogModuleManager: Shutting down and abandoning module WindowsTargetPlatform (27)
[2015.10.27-05.08.02:635][269]LogModuleManager: Shutting down and abandoning module WindowsServerTargetPlatform (26)
[2015.10.27-05.08.02:635][269]LogModuleManager: Shutting down and abandoning module WindowsNoEditorTargetPlatform (25)
[2015.10.27-05.08.02:635][269]LogModuleManager: Shutting down and abandoning module WindowsClientTargetPlatform (24)
[2015.10.27-05.08.02:635][269]LogModuleManager: Shutting down and abandoning module AllDesktopTargetPlatform (23)
[2015.10.27-05.08.02:635][269]LogModuleManager: Shutting down and abandoning module TargetPlatform (22)
[2015.10.27-05.08.02:635][269]LogModuleManager: Shutting down and abandoning module InputCore (21)
[2015.10.27-05.08.02:635][269]LogModuleManager: Shutting down and abandoning module Settings (20)
[2015.10.27-05.08.02:635][269]LogModuleManager: Shutting down and abandoning module OnlineSubsystem (18)
[2015.10.27-05.08.02:635][269]LogModuleManager: Shutting down and abandoning module HTTP (17)
[2015.10.27-05.08.04:637][269]LogModuleManager: Shutting down and abandoning module XMPP (16)
[2015.10.27-05.08.04:637][269]LogModuleManager: Shutting down and abandoning module ExampleDeviceProfileSelector (15)
[2015.10.27-05.08.04:637][269]LogModuleManager: Shutting down and abandoning module TextureCompressor (14)
[2015.10.27-05.08.04:637][269]LogModuleManager: Shutting down and abandoning module ShaderCore (13)
[2015.10.27-05.08.04:637][269]LogModuleManager: Shutting down and abandoning module Landscape (12)
[2015.10.27-05.08.04:637][269]LogModuleManager: Shutting down and abandoning module SlateRHIRenderer (11)
[2015.10.27-05.08.04:638][269]LogModuleManager: Shutting down and abandoning module OpenGLDrv (10)
[2015.10.27-05.08.04:638][269]LogModuleManager: Shutting down and abandoning module D3D11RHI (9)
[2015.10.27-05.08.04:638][269]LogModuleManager: Shutting down and abandoning module AnimGraphRuntime (8)
[2015.10.27-05.08.04:638][269]LogModuleManager: Shutting down and abandoning module Renderer (7)
[2015.10.27-05.08.04:638][269]LogModuleManager: Shutting down and abandoning module Engine (6)
[2015.10.27-05.08.04:638][269]LogModuleManager: Shutting down and abandoning module CoreUObject (5)
[2015.10.27-05.08.04:638][269]LogModuleManager: Shutting down and abandoning module NetworkFile (4)
[2015.10.27-05.08.04:638][269]LogModuleManager: Shutting down and abandoning module StreamingFile (3)
[2015.10.27-05.08.04:638][269]LogModuleManager: Shutting down and abandoning module SandboxFile (2)
[2015.10.27-05.08.04:638][269]LogModuleManager: Shutting down and abandoning module PakFile (1)
[2015.10.27-05.08.04:638][269]LogExit: Exiting.
[2015.10.27-05.08.04:658][269]Log file closed, 10/27/15 00:08:04
